<?xml version="1.0" encoding="UTF-8"?>
<testng-results skipped="0" failed="0" ignored="0" total="1" passed="1">
  <reporter-output>
  </reporter-output>
  <suite name="Default suite" duration-ms="28849" started-at="2020-09-04T10:54:25Z" finished-at="2020-09-04T10:54:54Z">
    <groups>
    </groups>
    <test name="Default test" duration-ms="28849" started-at="2020-09-04T10:54:25Z" finished-at="2020-09-04T10:54:54Z">
      <class name="followers.Instafollow">
        <test-method status="PASS" signature="Insta()[pri:0, instance:followers.Instafollow@402a079c]" name="Insta" duration-ms="28785" started-at="2020-09-04T10:54:25Z" finished-at="2020-09-04T10:54:54Z">
          <reporter-output>
          </reporter-output>
        </test-method> <!-- Insta -->
      </class> <!-- followers.Instafollow -->
    </test> <!-- Default test -->
  </suite> <!-- Default suite -->
</testng-results>
